2024-01-12 09:48:08,272 [INFO] Activator:176 - 


2024-01-12 09:48:08,274 [INFO] Activator:177 - !SESSION log4j initialized
2024-01-12 09:48:10,952 [INFO] LogOutputStream:77 - [STDOUT_REDIRECT] 
2024-01-12 09:48:13,274 [INFO] ApplicationProperties:184 - Using Application install path: C:\ST\STM32CubeIDE_1.13.2\STM32CubeIDE\plugins\com.st.stm32cube.common.mx_6.9.2.202309101412
2024-01-12 09:48:13,292 [INFO] DbMcusXml:78 - Set database path to: C:\ST\STM32CubeIDE_1.13.2\STM32CubeIDE\plugins\com.st.stm32cube.common.mx_6.9.2.202309101412\\db\/mcu/
2024-01-12 09:48:13,293 [INFO] ApiDb:274 - Set plugin database path to: C:\ST\STM32CubeIDE_1.13.2\STM32CubeIDE\plugins\com.st.stm32cube.common.mx_6.9.2.202309101412\\db\/plugins/boardmanager/
2024-01-12 09:48:13,294 [WARN] ApiDb:259 - Overriding images path with different value:  => C:\ST\STM32CubeIDE_1.13.2\STM32CubeIDE\plugins\com.st.stm32cube.common.mx_6.9.2.202309101412\\db\/plugins/mcufinder/images/
2024-01-12 09:48:13,303 [INFO] ApiDb:250 - Set database path to: C:\Users\s269684\.stmcufinder\plugins\mcufinder//mcu/
2024-01-12 09:48:13,304 [INFO] DbMcusAds:125 - Set database path to: C:\Users\s269684\.stmcufinder\plugins\mcufinder//mcu/
2024-01-12 09:48:13,307 [INFO] CrossReferenceDbSqlite:203 - Set database path to: C:\Users\s269684\.stmcufinder\plugins\mcufinder//mcu/cs/
2024-01-12 09:48:13,428 [INFO] RulesReader:64 - Compatibility file has been processed (293 Rules)
2024-01-12 09:48:13,534 [INFO] DbMcusXml:78 - Set database path to: C:\ST\STM32CubeIDE_1.13.2\STM32CubeIDE\plugins\com.st.stm32cube.common.mx_6.9.2.202309101412\\db\/mcu/
2024-01-12 09:48:13,534 [INFO] ApiDb:274 - Set plugin database path to: C:\ST\STM32CubeIDE_1.13.2\STM32CubeIDE\plugins\com.st.stm32cube.common.mx_6.9.2.202309101412\\db\/plugins/boardmanager/
2024-01-12 09:48:13,535 [INFO] ApiDb:261 - Set plugin images path to: C:\ST\STM32CubeIDE_1.13.2\STM32CubeIDE\plugins\com.st.stm32cube.common.mx_6.9.2.202309101412\\db\/plugins/mcufinder/images/
2024-01-12 09:48:13,535 [WARN] DbFile:41 - Overriding database path with different value: C:\Users\s269684\.stmcufinder\plugins\mcufinder/ => C:\Users\s269684\.stmcufinder\plugins\mcufinder
2024-01-12 09:48:13,535 [INFO] ApiDb:250 - Set database path to: C:\Users\s269684\.stmcufinder\plugins\mcufinder//mcu/
2024-01-12 09:48:13,535 [WARN] DbFile:41 - Overriding database path with different value: C:\Users\s269684\.stmcufinder\plugins\mcufinder/ => C:\Users\s269684\.stmcufinder\plugins\mcufinder
2024-01-12 09:48:13,535 [INFO] DbMcusAds:125 - Set database path to: C:\Users\s269684\.stmcufinder\plugins\mcufinder//mcu/
2024-01-12 09:48:13,535 [WARN] DbFile:41 - Overriding database path with different value: C:\Users\s269684\.stmcufinder\plugins\mcufinder/ => C:\Users\s269684\.stmcufinder\plugins\mcufinder
2024-01-12 09:48:13,535 [WARN] DbFile:41 - Overriding database path with different value: C:\Users\s269684\.stmcufinder\plugins\mcufinder/ => C:\Users\s269684\.stmcufinder\plugins\mcufinder
2024-01-12 09:48:13,535 [INFO] CrossReferenceDbSqlite:203 - Set database path to: C:\Users\s269684\.stmcufinder\plugins\mcufinder//mcu/cs/
2024-01-12 09:48:13,607 [INFO] MainPanel:262 - HeapMemory: 268435456
2024-01-12 09:48:13,676 [INFO] DbMcusXml:78 - Set database path to: C:\ST\STM32CubeIDE_1.13.2\STM32CubeIDE\plugins\com.st.stm32cube.common.mx_6.9.2.202309101412\\db\/mcu/
2024-01-12 09:48:13,676 [INFO] ApiDb:274 - Set plugin database path to: C:\ST\STM32CubeIDE_1.13.2\STM32CubeIDE\plugins\com.st.stm32cube.common.mx_6.9.2.202309101412\\db\/plugins/boardmanager/
2024-01-12 09:48:13,676 [INFO] ApiDb:261 - Set plugin images path to: C:\ST\STM32CubeIDE_1.13.2\STM32CubeIDE\plugins\com.st.stm32cube.common.mx_6.9.2.202309101412\\db\/plugins/mcufinder/images/
2024-01-12 09:48:13,677 [WARN] DbFile:41 - Overriding database path with different value: C:\Users\s269684\.stmcufinder\plugins\mcufinder/ => C:\Users\s269684\.stmcufinder\plugins\mcufinder
2024-01-12 09:48:13,677 [INFO] ApiDb:250 - Set database path to: C:\Users\s269684\.stmcufinder\plugins\mcufinder//mcu/
2024-01-12 09:48:13,677 [WARN] DbFile:41 - Overriding database path with different value: C:\Users\s269684\.stmcufinder\plugins\mcufinder/ => C:\Users\s269684\.stmcufinder\plugins\mcufinder
2024-01-12 09:48:13,677 [INFO] DbMcusAds:125 - Set database path to: C:\Users\s269684\.stmcufinder\plugins\mcufinder//mcu/
2024-01-12 09:48:13,677 [WARN] DbFile:41 - Overriding database path with different value: C:\Users\s269684\.stmcufinder\plugins\mcufinder/ => C:\Users\s269684\.stmcufinder\plugins\mcufinder
2024-01-12 09:48:13,677 [WARN] DbFile:41 - Overriding database path with different value: C:\Users\s269684\.stmcufinder\plugins\mcufinder/ => C:\Users\s269684\.stmcufinder\plugins\mcufinder
2024-01-12 09:48:13,677 [INFO] CrossReferenceDbSqlite:203 - Set database path to: C:\Users\s269684\.stmcufinder\plugins\mcufinder//mcu/cs/
2024-01-12 09:48:13,693 [INFO] ApplicationProperties:184 - Using Application install path: C:\ST\STM32CubeIDE_1.13.2\STM32CubeIDE\plugins\com.st.stm32cube.common.mx_6.9.2.202309101412
2024-01-12 09:48:13,695 [INFO] PluginManage:196 - Search for loadable plugins [exclusion list=, ]
2024-01-12 09:48:13,696 [INFO] PluginManage:310 - Check plugin analytics
2024-01-12 09:48:13,868 [INFO] AnalyticsPlugin:253 - Accepted Software Licenses: 
2024-01-12 09:48:13,869 [INFO] AnalyticsPlugin:255 - Accepted CMSIS Pack Licenses: 
2024-01-12 09:48:13,869 [INFO] AnalyticsPlugin:257 - Accepted Firmware Licenses: 
2024-01-12 09:48:13,871 [INFO] PluginManage:359 - Loaded plugin analytics (category:tool,tabindex:-1)
2024-01-12 09:48:13,872 [INFO] PluginManage:310 - Check plugin cadmodel
2024-01-12 09:48:13,876 [INFO] CADModel:105 - Init CAD model plugin
2024-01-12 09:48:13,876 [INFO] PluginManage:359 - Loaded plugin cadmodel (category:power,tabindex:5)
2024-01-12 09:48:13,876 [INFO] PluginManage:310 - Check plugin clock
2024-01-12 09:48:13,885 [INFO] PluginManage:359 - Loaded plugin clock (category:base,tabindex:2)
2024-01-12 09:48:13,885 [INFO] PluginManage:310 - Check plugin ddr
2024-01-12 09:48:13,887 [INFO] PluginManage:359 - Loaded plugin ddr (category:tool,tabindex:6)
2024-01-12 09:48:13,887 [INFO] PluginManage:310 - Check plugin filemanager
2024-01-12 09:48:14,022 [INFO] PluginManage:359 - Loaded plugin filemanager (category:base,tabindex:10)
2024-01-12 09:48:14,022 [INFO] PluginManage:310 - Check plugin ipmanager
2024-01-12 09:48:14,031 [INFO] PluginManage:359 - Loaded plugin ipmanager (category:base,tabindex:5)
2024-01-12 09:48:14,032 [INFO] PluginManage:310 - Check plugin lpbam
2024-01-12 09:48:14,041 [INFO] PluginManage:359 - Loaded plugin lpbam (category:base,tabindex:0)
2024-01-12 09:48:14,041 [INFO] PluginManage:310 - Check plugin memorymap
2024-01-12 09:48:14,055 [INFO] PluginManage:359 - Loaded plugin memorymap (category:base,tabindex:4)
2024-01-12 09:48:14,055 [INFO] PluginManage:310 - Check plugin pinoutandconfiguration
2024-01-12 09:48:14,062 [INFO] PluginManage:359 - Loaded plugin pinoutandconfiguration (category:base,tabindex:1)
2024-01-12 09:48:14,062 [INFO] PluginManage:310 - Check plugin pinoutconfig
2024-01-12 09:48:14,151 [WARN] SupportedApi:132 - Cannot load RTOS API schema: s4s-elt-must-match.1: The content of 'definitions' must match (annotation?, (simpleType | complexType)?, (unique | key | keyref)*)). A problem was found starting at: attribute.
2024-01-12 09:48:14,405 [INFO] PluginManage:359 - Loaded plugin pinoutconfig (category:base,tabindex:0)
2024-01-12 09:48:14,405 [INFO] PluginManage:310 - Check plugin power
2024-01-12 09:48:14,415 [INFO] PluginManage:359 - Loaded plugin power (category:power,tabindex:4)
2024-01-12 09:48:14,415 [INFO] PluginManage:310 - Check plugin projectmanager
2024-01-12 09:48:14,518 [INFO] PluginManage:359 - Loaded plugin projectmanager (category:projectmanager,tabindex:3)
2024-01-12 09:48:14,518 [INFO] PluginManage:310 - Check plugin thirdparty
2024-01-12 09:48:14,653 [INFO] PluginManage:359 - Loaded plugin thirdparty (category:base,tabindex:-1)
2024-01-12 09:48:14,653 [INFO] PluginManage:310 - Check plugin tools
2024-01-12 09:48:14,653 [WARN] IntegrityCheckThread:84 - waiting for thirdparty lock release [integrity check]
2024-01-12 09:48:14,653 [INFO] IntegrityCheckThread:86 - entering critical section [integrity check]
2024-01-12 09:48:14,654 [INFO] ThirdPartyUpdaterWithRetryManager:70 - Updater plugin not ready yet. [1/15]
2024-01-12 09:48:14,655 [INFO] PluginManage:359 - Loaded plugin tools (category:base,tabindex:7)
2024-01-12 09:48:14,655 [INFO] PluginManage:310 - Check plugin tutovideos
2024-01-12 09:48:14,843 [INFO] PluginManage:359 - Loaded plugin tutovideos (category:base,tabindex:-1)
2024-01-12 09:48:14,843 [INFO] PluginManage:310 - Check plugin updater
2024-01-12 09:48:14,855 [INFO] PluginManage:359 - Loaded plugin updater (category:base,tabindex:12)
2024-01-12 09:48:14,855 [INFO] PluginManage:310 - Check plugin userauth
2024-01-12 09:48:14,860 [INFO] UserAuth:113 - Init User Auth plugin
2024-01-12 09:48:14,860 [INFO] PluginManage:359 - Loaded plugin userauth (category:base,tabindex:14)
2024-01-12 09:48:14,861 [INFO] PluginManage:283 - PluginManage : Loaded plugins [17]
2024-01-12 09:48:15,089 [INFO] PinOutPanel:1499 - setPackage(No Configuration,No Configuration)
2024-01-12 09:48:15,216 [INFO] CADModel:165 - CPN selected for project level
2024-01-12 09:48:15,216 [INFO] CADModel:114 - Register for checkConnection events
2024-01-12 09:48:15,232 [INFO] IPUIPlugin:80 - create IPUIPlugin
2024-01-12 09:48:15,232 [INFO] PluginManager:220 - loadIPPluginJar : add adc
2024-01-12 09:48:15,235 [INFO] IPUIPlugin:80 - create IPUIPlugin
2024-01-12 09:48:15,235 [INFO] PluginManager:220 - loadIPPluginJar : add aes
2024-01-12 09:48:15,238 [INFO] IPUIPlugin:80 - create IPUIPlugin
2024-01-12 09:48:15,238 [INFO] PluginManager:220 - loadIPPluginJar : add can
2024-01-12 09:48:15,240 [INFO] IPUIPlugin:80 - create IPUIPlugin
2024-01-12 09:48:15,240 [INFO] PluginManager:220 - loadIPPluginJar : add comp
2024-01-12 09:48:15,243 [INFO] IPUIPlugin:80 - create IPUIPlugin
2024-01-12 09:48:15,243 [INFO] PluginManager:220 - loadIPPluginJar : add cryp
2024-01-12 09:48:15,245 [INFO] IPUIPlugin:80 - create IPUIPlugin
2024-01-12 09:48:15,245 [INFO] PluginManager:220 - loadIPPluginJar : add dfsdm
2024-01-12 09:48:15,252 [INFO] IPUIPlugin:80 - create IPUIPlugin
2024-01-12 09:48:15,252 [INFO] PluginManager:220 - loadIPPluginJar : add dma
2024-01-12 09:48:15,255 [INFO] IPUIPlugin:80 - create IPUIPlugin
2024-01-12 09:48:15,255 [INFO] PluginManager:220 - loadIPPluginJar : add dma3
2024-01-12 09:48:15,257 [INFO] IPUIPlugin:80 - create IPUIPlugin
2024-01-12 09:48:15,257 [INFO] PluginManager:220 - loadIPPluginJar : add fatfs
2024-01-12 09:48:15,261 [INFO] IPUIPlugin:80 - create IPUIPlugin
2024-01-12 09:48:15,262 [INFO] PluginManager:220 - loadIPPluginJar : add fmc
2024-01-12 09:48:15,268 [INFO] IPUIPlugin:80 - create IPUIPlugin
2024-01-12 09:48:15,268 [INFO] PluginManager:220 - loadIPPluginJar : add freertos
2024-01-12 09:48:15,270 [INFO] IPUIPlugin:80 - create IPUIPlugin
2024-01-12 09:48:15,270 [INFO] PluginManager:220 - loadIPPluginJar : add genericplugin
2024-01-12 09:48:15,272 [INFO] IPUIPlugin:80 - create IPUIPlugin
2024-01-12 09:48:15,272 [INFO] PluginManager:220 - loadIPPluginJar : add gfxmmu
2024-01-12 09:48:15,277 [INFO] IPUIPlugin:80 - create IPUIPlugin
2024-01-12 09:48:15,278 [INFO] PluginManager:220 - loadIPPluginJar : add gic
2024-01-12 09:48:15,283 [INFO] IPUIPlugin:80 - create IPUIPlugin
2024-01-12 09:48:15,283 [INFO] PluginManager:220 - loadIPPluginJar : add gpio
2024-01-12 09:48:15,286 [INFO] IPUIPlugin:80 - create IPUIPlugin
2024-01-12 09:48:15,286 [INFO] PluginManager:220 - loadIPPluginJar : add gtzc
2024-01-12 09:48:15,289 [INFO] IPUIPlugin:80 - create IPUIPlugin
2024-01-12 09:48:15,289 [INFO] PluginManager:220 - loadIPPluginJar : add hash
2024-01-12 09:48:15,292 [INFO] IPUIPlugin:80 - create IPUIPlugin
2024-01-12 09:48:15,292 [INFO] PluginManager:220 - loadIPPluginJar : add i2c
2024-01-12 09:48:15,294 [INFO] IPUIPlugin:80 - create IPUIPlugin
2024-01-12 09:48:15,295 [INFO] PluginManager:220 - loadIPPluginJar : add i2s
2024-01-12 09:48:15,298 [INFO] IPUIPlugin:80 - create IPUIPlugin
2024-01-12 09:48:15,298 [INFO] PluginManager:220 - loadIPPluginJar : add i3c
2024-01-12 09:48:15,301 [INFO] IPUIPlugin:80 - create IPUIPlugin
2024-01-12 09:48:15,302 [INFO] PluginManager:220 - loadIPPluginJar : add ipddr
2024-01-12 09:48:15,308 [INFO] IPUIPlugin:80 - create IPUIPlugin
2024-01-12 09:48:15,308 [INFO] PluginManager:220 - loadIPPluginJar : add linkedlist
2024-01-12 09:48:15,311 [INFO] IPUIPlugin:80 - create IPUIPlugin
2024-01-12 09:48:15,311 [INFO] PluginManager:220 - loadIPPluginJar : add lorawan
2024-01-12 09:48:15,313 [INFO] IPUIPlugin:80 - create IPUIPlugin
2024-01-12 09:48:15,314 [INFO] PluginManager:220 - loadIPPluginJar : add ltdc
2024-01-12 09:48:15,319 [INFO] IPUIPlugin:80 - create IPUIPlugin
2024-01-12 09:48:15,319 [INFO] PluginManager:220 - loadIPPluginJar : add mdma
2024-01-12 09:48:15,323 [INFO] IPUIPlugin:80 - create IPUIPlugin
2024-01-12 09:48:15,323 [INFO] PluginManager:220 - loadIPPluginJar : add nvic
2024-01-12 09:48:15,326 [INFO] IPUIPlugin:80 - create IPUIPlugin
2024-01-12 09:48:15,326 [INFO] PluginManager:220 - loadIPPluginJar : add opamp
2024-01-12 09:48:15,328 [INFO] IPUIPlugin:80 - create IPUIPlugin
2024-01-12 09:48:15,329 [INFO] PluginManager:220 - loadIPPluginJar : add openamp
2024-01-12 09:48:15,332 [INFO] IPUIPlugin:80 - create IPUIPlugin
2024-01-12 09:48:15,332 [INFO] PluginManager:220 - loadIPPluginJar : add pdm2pcm
2024-01-12 09:48:15,338 [INFO] IPUIPlugin:80 - create IPUIPlugin
2024-01-12 09:48:15,340 [INFO] PluginManager:220 - loadIPPluginJar : add plateformsettings
2024-01-12 09:48:15,342 [INFO] IPUIPlugin:80 - create IPUIPlugin
2024-01-12 09:48:15,342 [INFO] PluginManager:220 - loadIPPluginJar : add quadspi
2024-01-12 09:48:15,345 [INFO] IPUIPlugin:80 - create IPUIPlugin
2024-01-12 09:48:15,345 [INFO] PluginManager:220 - loadIPPluginJar : add resmgrutility
2024-01-12 09:48:15,349 [INFO] IPUIPlugin:80 - create IPUIPlugin
2024-01-12 09:48:15,349 [INFO] PluginManager:220 - loadIPPluginJar : add sai
2024-01-12 09:48:15,351 [INFO] IPUIPlugin:80 - create IPUIPlugin
2024-01-12 09:48:15,351 [INFO] PluginManager:220 - loadIPPluginJar : add spi
2024-01-12 09:48:15,356 [INFO] IPUIPlugin:80 - create IPUIPlugin
2024-01-12 09:48:15,356 [INFO] PluginManager:220 - loadIPPluginJar : add stm32_wpan
2024-01-12 09:48:15,358 [INFO] IPUIPlugin:80 - create IPUIPlugin
2024-01-12 09:48:15,358 [INFO] PluginManager:220 - loadIPPluginJar : add tim
2024-01-12 09:48:15,362 [INFO] IPUIPlugin:80 - create IPUIPlugin
2024-01-12 09:48:15,362 [INFO] PluginManager:220 - loadIPPluginJar : add touchsensing
2024-01-12 09:48:15,365 [INFO] IPUIPlugin:80 - create IPUIPlugin
2024-01-12 09:48:15,365 [INFO] PluginManager:220 - loadIPPluginJar : add tracer_emb
2024-01-12 09:48:15,367 [INFO] IPUIPlugin:80 - create IPUIPlugin
2024-01-12 09:48:15,367 [INFO] PluginManager:220 - loadIPPluginJar : add ts
2024-01-12 09:48:15,369 [INFO] IPUIPlugin:80 - create IPUIPlugin
2024-01-12 09:48:15,369 [INFO] PluginManager:220 - loadIPPluginJar : add tsc
2024-01-12 09:48:15,372 [INFO] IPUIPlugin:80 - create IPUIPlugin
2024-01-12 09:48:15,372 [INFO] PluginManager:220 - loadIPPluginJar : add ucpd
2024-01-12 09:48:15,374 [INFO] IPUIPlugin:80 - create IPUIPlugin
2024-01-12 09:48:15,375 [INFO] PluginManager:220 - loadIPPluginJar : add usart
2024-01-12 09:48:15,378 [INFO] IPUIPlugin:80 - create IPUIPlugin
2024-01-12 09:48:15,378 [INFO] PluginManager:220 - loadIPPluginJar : add usbx
2024-01-12 09:48:15,505 [INFO] CADModel:165 - CPN selected for project level
2024-01-12 09:48:15,506 [INFO] CADModel:114 - Register for checkConnection events
2024-01-12 09:48:15,506 [FATAL] Updater:308 - Updater called before beeing initialized
2024-01-12 09:48:15,506 [ERROR] CADModel:125 - Updater not yet initialized, retry later 
2024-01-12 09:48:15,634 [INFO] CADModel:165 - CPN selected for project level
2024-01-12 09:48:15,635 [INFO] CADModel:114 - Register for checkConnection events
2024-01-12 09:48:15,635 [FATAL] Updater:308 - Updater called before beeing initialized
2024-01-12 09:48:15,635 [ERROR] CADModel:125 - Updater not yet initialized, retry later 
2024-01-12 09:48:15,638 [FATAL] Updater:308 - Updater called before beeing initialized
2024-01-12 09:48:15,757 [FATAL] Updater:308 - Updater called before beeing initialized
2024-01-12 09:48:15,763 [INFO] DbMcusAds:53 - JSON generation date=Wed Nov 29 10:52:27 GMT 2023 (1701255147349)
2024-01-12 09:48:15,763 [FATAL] Updater:308 - Updater called before beeing initialized
2024-01-12 09:48:15,807 [WARN] DetailPanel:346 - Failed to get advertising image, set to default
2024-01-12 09:48:15,926 [FATAL] Updater:308 - Updater called before beeing initialized
2024-01-12 09:48:15,928 [FATAL] Updater:308 - Updater called before beeing initialized
2024-01-12 09:48:15,928 [FATAL] Updater:308 - Updater called before beeing initialized
2024-01-12 09:48:15,928 [WARN] DetailPanel:346 - Failed to get advertising image, set to default
2024-01-12 09:48:15,929 [FATAL] Updater:308 - Updater called before beeing initialized
2024-01-12 09:48:15,978 [ERROR] Updater:1120 - MainUpdater not yet initialized. External WinMGr cannot be set.
2024-01-12 09:48:15,981 [INFO] Updater:1056 - Updater Version found : 6.9.2
2024-01-12 09:48:16,000 [INFO] ApplicationProperties:184 - Using Application install path: C:\ST\STM32CubeIDE_1.13.2\STM32CubeIDE\plugins\com.st.stm32cube.common.mx_6.9.2.202309101412
2024-01-12 09:48:16,160 [INFO] MainUpdater:2868 - connection check result : 10
2024-01-12 09:48:16,161 [INFO] MainUpdater:285 - Updater Check For Update Now.
2024-01-12 09:48:16,161 [INFO] MicroXplorer:498 - Change Database Version : DB.6.0.92
2024-01-12 09:48:16,166 [INFO] McuFinderGlobals:63 - Set McuFinder mode to 2 (CubeIDE integrated)
2024-01-12 09:48:16,167 [INFO] UserAuth:179 - activating auth plugin
2024-01-12 09:48:16,171 [INFO] UserAuth:393 - Internet connection configuration mode: 1
2024-01-12 09:48:16,184 [INFO] JxBrowserEngine:151 - Initiate JxBrowser Engine with user profile folder
2024-01-12 09:48:16,347 [INFO] CheckServerUpdateThread:120 - End of CheckServer Thread
2024-01-12 09:48:16,838 [INFO] WebApp:157 - Instantiating new browser for Auth
2024-01-12 09:48:17,449 [INFO] WebApp:753 - Register for checkConnection events
2024-01-12 09:48:17,449 [INFO] WebApp:390 - Apply proxy settings
2024-01-12 09:48:17,449 [INFO] WebApp:475 - Chromium requires no authentication
2024-01-12 09:48:17,456 [INFO] WebApp:418 - Direct internet connection detected
2024-01-12 09:48:17,637 [INFO] WebApp:188 - Starting web application
2024-01-12 09:48:17,637 [INFO] WebApp:520 - Web application path used C:\ST\STM32CubeIDE_1.13.2\STM32CubeIDE\plugins\com.st.stm32cube.common.mx_6.9.2.202309101412\db\plugins\mcufinder\reactClient1\index.html
2024-01-12 09:48:17,911 [WARN] PackLoader:240 - Cannot read IP mode file for STMicroelectronics.X-CUBE-SMBUS.2.1.0
2024-01-12 09:48:17,919 [WARN] PackLoader:240 - Cannot read IP mode file for STMicroelectronics.X-CUBE-TOUCHGFX.4.23.0
2024-01-12 09:48:17,948 [WARN] PackLoader:240 - Cannot read IP mode file for STMicroelectronics.X-CUBE-AZRTOS-F7.1.1.0
2024-01-12 09:48:17,959 [WARN] PackLoader:240 - Cannot read IP mode file for STMicroelectronics.FP-SNS-MOTENV1.4.3.2
2024-01-12 09:48:17,967 [WARN] PackLoader:240 - Cannot read IP mode file for STMicroelectronics.FP-SNS-FLIGHT1.5.0.2
2024-01-12 09:48:17,976 [WARN] PackLoader:240 - Cannot read IP mode file for STMicroelectronics.X-CUBE-DISPLAY.3.0.0
2024-01-12 09:48:17,988 [WARN] PackLoader:240 - Cannot read IP mode file for STMicroelectronics.X-CUBE-BLE1.7.0.0
2024-01-12 09:48:17,995 [WARN] PackLoader:240 - Cannot read IP mode file for emotas.I-CUBE-CANOPEN.1.3.0
2024-01-12 09:48:17,998 [WARN] PackLoader:240 - Cannot read IP mode file for STMicroelectronics.X-CUBE-TOUCHGFX.4.22.1
2024-01-12 09:48:18,008 [WARN] PackLoader:240 - Cannot read IP mode file for STMicroelectronics.FP-SNS-SMARTAG2.1.2.0
2024-01-12 09:48:18,023 [INFO] LogOutputStream:77 - [STDOUT_REDIRECT] 1 : Invalid condition id : UX_CORESTACK_Condition cause : null
2024-01-12 09:48:18,023 [INFO] LogOutputStream:77 - [STDOUT_REDIRECT] 1 : Invalid condition id : UX_CORESTACK_Condition cause : null
2024-01-12 09:48:18,025 [INFO] LogOutputStream:77 - [STDOUT_REDIRECT] 1 : Invalid condition id : UX_CORESTACK_Condition cause : null
2024-01-12 09:48:18,026 [INFO] LogOutputStream:77 - [STDOUT_REDIRECT] 1 : Invalid condition id : UX_CORESTACK_Condition cause : null
2024-01-12 09:48:18,027 [INFO] LogOutputStream:77 - [STDOUT_REDIRECT] 1 : Invalid condition id : UX_CORESTACK_Condition cause : null
2024-01-12 09:48:18,031 [WARN] PackLoader:240 - Cannot read IP mode file for STMicroelectronics.X-CUBE-AZRTOS-WL.2.0.0
2024-01-12 09:48:18,043 [WARN] PackLoader:240 - Cannot read IP mode file for WES.I-CUBE-Cesium.1.3.0
2024-01-12 09:48:18,048 [WARN] PackLoader:240 - Cannot read IP mode file for STMicroelectronics.X-CUBE-BLE2.3.3.0
2024-01-12 09:48:18,056 [WARN] PackLoader:240 - Cannot read IP mode file for STMicroelectronics.X-CUBE-ALGOBUILD.1.3.0
2024-01-12 09:48:18,093 [WARN] PackLoader:240 - Cannot read IP mode file for STMicroelectronics.X-CUBE-AZRTOS-G0.1.1.0
2024-01-12 09:48:18,103 [WARN] PackLoader:240 - Cannot read IP mode file for STMicroelectronics.X-CUBE-NFC4.3.0.0
2024-01-12 09:48:18,121 [WARN] PackLoader:240 - Cannot read IP mode file for STMicroelectronics.X-CUBE-BLEMGR.3.0.0
2024-01-12 09:48:18,135 [WARN] PackLoader:240 - Cannot read IP mode file for STMicroelectronics.FP-ATR-SIGFOX1.3.2.0
2024-01-12 09:48:18,144 [WARN] PackLoader:240 - Cannot read IP mode file for STMicroelectronics.X-CUBE-GNSS1.6.0.0
2024-01-12 09:48:18,177 [WARN] PackLoader:240 - Cannot read IP mode file for STMicroelectronics.X-CUBE-AZRTOS-F4.1.1.0
2024-01-12 09:48:18,201 [WARN] PackLoader:240 - Cannot read IP mode file for wolfSSL.I-CUBE-wolfSSL.5.6.4
2024-01-12 09:48:18,224 [WARN] PackLoader:240 - Cannot read IP mode file for STMicroelectronics.X-CUBE-AZRTOS-L5.2.0.0
2024-01-12 09:48:18,239 [WARN] PackLoader:240 - Cannot read IP mode file for STMicroelectronics.X-CUBE-EEPRMA1.4.2.0
2024-01-12 09:48:18,246 [WARN] PackLoader:240 - Cannot read IP mode file for ITTIA_DB.I-CUBE-ITTIADB.8.8.0
2024-01-12 09:48:18,278 [WARN] ConditionMgr:438 - getConditionDescription Invalid condition id : UX DEVICE CLASS RTOS Condition cause : null
2024-01-12 09:48:18,278 [WARN] ConditionMgr:438 - getConditionDescription Invalid condition id : UX DEVICE CLASS RTOS Condition cause : null
2024-01-12 09:48:18,298 [WARN] PackLoader:240 - Cannot read IP mode file for STMicroelectronics.X-CUBE-AZRTOS-H7.3.1.0
2024-01-12 09:48:18,299 [WARN] ConditionMgr:1039 - genDependencies : Invalid condition id : UX DEVICE CLASS RTOS Condition cause : null
2024-01-12 09:48:18,299 [WARN] ConditionMgr:1039 - genDependencies : Invalid condition id : UX DEVICE CLASS RTOS Condition cause : null
2024-01-12 09:48:18,302 [WARN] ConditionMgr:1039 - genDependencies : Invalid condition id : UX DEVICE CLASS RTOS Condition cause : null
2024-01-12 09:48:18,303 [WARN] ConditionMgr:1039 - genDependencies : Invalid condition id : UX DEVICE CLASS RTOS Condition cause : null
2024-01-12 09:48:18,303 [WARN] ConditionMgr:1039 - genDependencies : Invalid condition id : UX DEVICE CLASS RTOS Condition cause : null
2024-01-12 09:48:18,309 [WARN] PackLoader:240 - Cannot read IP mode file for STMicroelectronics.X-CUBE-NFC7.1.0.1
2024-01-12 09:48:18,339 [WARN] PackLoader:240 - Cannot read IP mode file for STMicroelectronics.X-CUBE-NFC6.3.0.0
2024-01-12 09:48:18,344 [WARN] PackLoader:240 - Cannot read IP mode file for STMicroelectronics.X-CUBE-AI.8.1.0
2024-01-12 09:48:18,360 [WARN] ConditionMgr:438 - getConditionDescription Invalid condition id : LAN8742 Phy interface Condition cause : null
2024-01-12 09:48:18,360 [WARN] PackLoader:240 - Cannot read IP mode file for STMicroelectronics.X-CUBE-AZRTOS-L4.2.0.0
2024-01-12 09:48:18,361 [WARN] ConditionMgr:1039 - genDependencies : Invalid condition id : LAN8742 Phy interface Condition cause : null
2024-01-12 09:48:18,362 [WARN] ConditionMgr:1039 - genDependencies : Invalid condition id : LAN8742 Phy interface Condition cause : null
2024-01-12 09:48:18,362 [WARN] ConditionMgr:1039 - genDependencies : Invalid condition id : LAN8742 Phy interface Condition cause : null
2024-01-12 09:48:18,369 [WARN] PackLoader:240 - Cannot read IP mode file for STMicroelectronics.X-CUBE-SFXS2LP1.4.0.0
2024-01-12 09:48:18,374 [WARN] PackLoader:240 - Cannot read IP mode file for STMicroelectronics.X-CUBE-ISPU.1.1.0
2024-01-12 09:48:18,386 [WARN] ConditionMgr:438 - getConditionDescription Invalid condition id : UX DEVICE CLASS RTOS Condition cause : null
2024-01-12 09:48:18,386 [WARN] ConditionMgr:438 - getConditionDescription Invalid condition id : UX DEVICE CLASS RTOS Condition cause : null
2024-01-12 09:48:18,388 [WARN] PackLoader:240 - Cannot read IP mode file for STMicroelectronics.X-CUBE-AZRTOS-WB.2.0.0
2024-01-12 09:48:18,389 [WARN] ConditionMgr:1039 - genDependencies : Invalid condition id : UX DEVICE CLASS RTOS Condition cause : null
2024-01-12 09:48:18,389 [WARN] ConditionMgr:1039 - genDependencies : Invalid condition id : UX DEVICE CLASS RTOS Condition cause : null
2024-01-12 09:48:18,389 [WARN] ConditionMgr:1039 - genDependencies : Invalid condition id : UX DEVICE CLASS RTOS Condition cause : null
2024-01-12 09:48:18,390 [WARN] ConditionMgr:1039 - genDependencies : Invalid condition id : UX DEVICE CLASS RTOS Condition cause : null
2024-01-12 09:48:18,390 [WARN] ConditionMgr:1039 - genDependencies : Invalid condition id : UX DEVICE CLASS RTOS Condition cause : null
2024-01-12 09:48:18,399 [WARN] PackLoader:240 - Cannot read IP mode file for STMicroelectronics.X-CUBE-SUBG2.5.0.0
2024-01-12 09:48:18,412 [WARN] PackLoader:240 - Cannot read IP mode file for STMicroelectronics.X-CUBE-TOF1.3.3.1
2024-01-12 09:48:18,458 [WARN] PackLoader:240 - Cannot read IP mode file for STMicroelectronics.X-CUBE-AZRTOS-G4.2.0.0
2024-01-12 09:48:18,470 [WARN] PackLoader:240 - Cannot read IP mode file for Infineon.AIROC-Wi-Fi-Bluetooth-STM32.1.5.1
2024-01-12 09:48:18,477 [WARN] PackLoader:240 - Cannot read IP mode file for STMicroelectronics.FP-SNS-MOTENVWB1.1.3.0
2024-01-12 09:48:18,480 [WARN] PackLoader:240 - Cannot read IP mode file for STMicroelectronics.FP-SNS-MOTENVWB1.1.3.1
2024-01-12 09:48:18,484 [WARN] PackLoader:240 - Cannot read IP mode file for STMicroelectronics.X-CUBE-ISPU.2.0.0
2024-01-12 09:48:18,513 [WARN] PackLoader:240 - Cannot read IP mode file for STMicroelectronics.X-CUBE-MEMS1.10.0.0
2024-01-12 09:48:18,633 [WARN] PackLoader:240 - Cannot read IP mode file for STMicroelectronics.X-CUBE-FREERTOS.1.1.0
2024-01-12 09:48:18,638 [WARN] PackLoader:240 - Cannot read IP mode file for portGmbH.I-Cube-SoM-uGOAL.1.1.0
2024-01-12 09:48:18,642 [WARN] PackLoader:240 - Cannot read IP mode file for STMicroelectronics.X-CUBE-ALS.1.0.1
2024-01-12 09:48:18,646 [WARN] PackLoader:240 - Cannot read IP mode file for STMicroelectronics.FP-ATR-ASTRA1.2.0.0
2024-01-12 09:48:18,655 [WARN] PackLoader:240 - Cannot read IP mode file for STMicroelectronics.X-CUBE-TOF1.3.4.0
2024-01-12 09:48:18,684 [WARN] PackLoader:240 - Cannot read IP mode file for STMicroelectronics.X-CUBE-AZRTOS-H7.3.2.0
2024-01-12 09:48:18,688 [INFO] ThirdParty:978 - Integrity check success = true
2024-01-12 09:48:18,688 [INFO] IntegrityCheckThread:100 - exiting critical section [integrity check]
2024-01-12 09:48:18,688 [INFO] IntegrityCheckThread:103 - End integrity checks thread
2024-01-12 09:48:38,284 [ERROR] LogOutputStream:75 - [STDERR_REDIRECT] SLF4J: Failed to load class "org.slf4j.impl.StaticLoggerBinder".
2024-01-12 09:48:38,285 [ERROR] LogOutputStream:75 - [STDERR_REDIRECT] SLF4J: Defaulting to no-operation (NOP) logger implementation
2024-01-12 09:48:38,286 [ERROR] LogOutputStream:75 - [STDERR_REDIRECT] SLF4J: See http://www.slf4j.org/codes.html#StaticLoggerBinder for further details.
